<?xml version="1.0" encoding="UTF-8"?>
<testsuite name="com.example.AppTest" tests="1" skipped="0" failures="0" errors="0" timestamp="2025-06-08T19:47:57" hostname="partha-ASUS-TUF-Gaming-F15-FX506HC-FX506HC" time="0.001">
  <properties/>
  <testcase name="testApp" classname="com.example.AppTest" time="0.001"/>
  <system-out><![CDATA[]]></system-out>
  <system-err><![CDATA[]]></system-err>
</testsuite>
